System_Launcher2/Library/Bee/Android/Prj/IL2CPP/Gradle/launcher/build/intermediates/manifest_merge_blame_file/release/processReleaseMainManifest/manifest-merger-blame-release-report.txt
1<?xml version="1.0" encoding="utf-8"?>
2<manifest xmlns:android="http://schemas.android.com/apk/res/android"
3    package="com.lionsoft.System_Launcher2"
4    android:installLocation="auto"
5    android:versionCode="1"
6    android:versionName="1.0" >
7
8    <uses-sdk
9        android:minSdkVersion="23"
10        android:targetSdkVersion="36" />
11
12    <supports-screens
12-->src\main\AndroidManifest.xml:4:3-163
13        android:anyDensity="true"
13-->src\main\AndroidManifest.xml:4:135-160
14        android:largeScreens="true"
14-->src\main\AndroidManifest.xml:4:78-105
15        android:normalScreens="true"
15-->src\main\AndroidManifest.xml:4:49-77
16        android:smallScreens="true"
16-->src\main\AndroidManifest.xml:4:21-48
17        android:xlargeScreens="true" />
17-->src\main\AndroidManifest.xml:4:106-134
18
19    <uses-permission android:name="android.permission.INTERNET" />
19-->[:unityLibrary] AndroidManifest.xml:8:5-67
19-->[:unityLibrary] AndroidManifest.xml:8:22-64
20    <uses-permission android:name="android.permission.ACCESS_NETWORK_STATE" />
20-->[:unityLibrary] AndroidManifest.xml:9:5-79
20-->[:unityLibrary] AndroidManifest.xml:9:22-76
21
22    <uses-feature android:glEsVersion="0x00030000" />
22-->[:unityLibrary] AndroidManifest.xml:11:5-54
22-->[:unityLibrary] AndroidManifest.xml:11:19-51
23    <uses-feature
23-->[:unityLibrary] AndroidManifest.xml:12:5-14:36
24        android:name="android.hardware.vulkan.version"
24-->[:unityLibrary] AndroidManifest.xml:13:9-55
25        android:required="false" />
25-->[:unityLibrary] AndroidManifest.xml:14:9-33
26    <uses-feature
26-->[:unityLibrary] AndroidManifest.xml:15:5-17:36
27        android:name="android.hardware.touchscreen"
27-->[:unityLibrary] AndroidManifest.xml:16:9-52
28        android:required="false" />
28-->[:unityLibrary] AndroidManifest.xml:17:9-33
29    <uses-feature
29-->[:unityLibrary] AndroidManifest.xml:18:5-20:36
30        android:name="android.hardware.touchscreen.multitouch"
30-->[:unityLibrary] AndroidManifest.xml:19:9-63
31        android:required="false" />
31-->[:unityLibrary] AndroidManifest.xml:20:9-33
32    <uses-feature
32-->[:unityLibrary] AndroidManifest.xml:21:5-23:36
33        android:name="android.hardware.touchscreen.multitouch.distinct"
33-->[:unityLibrary] AndroidManifest.xml:22:9-72
34        android:required="false" />
34-->[:unityLibrary] AndroidManifest.xml:23:9-33
35
36    <permission
36-->[androidx.core:core:1.9.0] AndroidManifest.xml:22:5-24:47
37        android:name="com.lionsoft.System_Launcher2.DYNAMIC_RECEIVER_NOT_EXPORTED_PERMISSION"
37-->[androidx.core:core:1.9.0] AndroidManifest.xml:23:9-81
38        android:protectionLevel="signature" />
38-->[androidx.core:core:1.9.0] AndroidManifest.xml:24:9-44
39
40    <uses-permission android:name="com.lionsoft.System_Launcher2.DYNAMIC_RECEIVER_NOT_EXPORTED_PERMISSION" />
40-->[androidx.core:core:1.9.0] AndroidManifest.xml:26:5-97
40-->[androidx.core:core:1.9.0] AndroidManifest.xml:26:22-94
41
42    <application
42-->src\main\AndroidManifest.xml:3:3-126
43        android:appComponentFactory="androidx.core.app.CoreComponentFactory"
43-->[androidx.core:core:1.9.0] AndroidManifest.xml:28:18-86
44        android:enableOnBackInvokedCallback="false"
44-->[:unityLibrary] AndroidManifest.xml:26:9-52
45        android:extractNativeLibs="true"
46        android:icon="@mipmap/app_icon"
46-->src\main\AndroidManifest.xml:3:16-47
47        android:label="@string/app_name"
47-->src\main\AndroidManifest.xml:3:48-80
48        android:roundIcon="@mipmap/app_icon_round" >
48-->src\main\AndroidManifest.xml:3:81-123
49        <meta-data
49-->[:unityLibrary] AndroidManifest.xml:28:9-30:33
50            android:name="unity.splash-mode"
50-->[:unityLibrary] AndroidManifest.xml:29:13-45
51            android:value="0" />
51-->[:unityLibrary] AndroidManifest.xml:30:13-30
52        <meta-data
52-->[:unityLibrary] AndroidManifest.xml:31:9-33:36
53            android:name="unity.splash-enable"
53-->[:unityLibrary] AndroidManifest.xml:32:13-47
54            android:value="True" />
54-->[:unityLibrary] AndroidManifest.xml:33:13-33
55        <meta-data
55-->[:unityLibrary] AndroidManifest.xml:34:9-36:36
56            android:name="unity.launch-fullscreen"
56-->[:unityLibrary] AndroidManifest.xml:35:13-51
57            android:value="True" />
57-->[:unityLibrary] AndroidManifest.xml:36:13-33
58        <meta-data
58-->[:unityLibrary] AndroidManifest.xml:37:9-39:36
59            android:name="unity.render-outside-safearea"
59-->[:unityLibrary] AndroidManifest.xml:38:13-57
60            android:value="True" />
60-->[:unityLibrary] AndroidManifest.xml:39:13-33
61        <meta-data
61-->[:unityLibrary] AndroidManifest.xml:40:9-42:50
62            android:name="notch.config"
62-->[:unityLibrary] AndroidManifest.xml:41:13-40
63            android:value="portrait|landscape" />
63-->[:unityLibrary] AndroidManifest.xml:42:13-47
64        <meta-data
64-->[:unityLibrary] AndroidManifest.xml:43:9-45:36
65            android:name="unity.auto-report-fully-drawn"
65-->[:unityLibrary] AndroidManifest.xml:44:13-57
66            android:value="true" />
66-->[:unityLibrary] AndroidManifest.xml:45:13-33
67        <meta-data
67-->[:unityLibrary] AndroidManifest.xml:46:9-48:36
68            android:name="unity.auto-set-game-state"
68-->[:unityLibrary] AndroidManifest.xml:47:13-53
69            android:value="true" />
69-->[:unityLibrary] AndroidManifest.xml:48:13-33
70        <meta-data
70-->[:unityLibrary] AndroidManifest.xml:49:9-51:36
71            android:name="unity.strip-engine-code"
71-->[:unityLibrary] AndroidManifest.xml:50:13-51
72            android:value="true" />
72-->[:unityLibrary] AndroidManifest.xml:51:13-33
73
74        <activity
74-->[:unityLibrary] AndroidManifest.xml:53:9-88:20
75            android:name="com.unity3d.player.UnityPlayerGameActivity"
75-->[:unityLibrary] AndroidManifest.xml:54:13-70
76            android:configChanges="mcc|mnc|locale|touchscreen|keyboard|keyboardHidden|navigation|orientation|screenLayout|uiMode|screenSize|smallestScreenSize|fontScale|layoutDirection|density"
76-->[:unityLibrary] AndroidManifest.xml:55:13-194
77            android:enabled="true"
77-->[:unityLibrary] AndroidManifest.xml:56:13-35
78            android:exported="true"
78-->[:unityLibrary] AndroidManifest.xml:57:13-36
79            android:hardwareAccelerated="false"
79-->[:unityLibrary] AndroidManifest.xml:58:13-48
80            android:launchMode="singleTask"
80-->[:unityLibrary] AndroidManifest.xml:59:13-44
81            android:resizeableActivity="true"
81-->[:unityLibrary] AndroidManifest.xml:60:13-46
82            android:screenOrientation="userPortrait"
82-->[:unityLibrary] AndroidManifest.xml:61:13-53
83            android:theme="@style/BaseUnityGameActivityTheme" >
83-->[:unityLibrary] AndroidManifest.xml:62:13-62
84            <intent-filter>
84-->[:unityLibrary] AndroidManifest.xml:63:13-67:29
85                <category android:name="android.intent.category.LAUNCHER" />
85-->[:unityLibrary] AndroidManifest.xml:64:17-77
85-->[:unityLibrary] AndroidManifest.xml:64:27-74
86
87                <action android:name="android.intent.action.MAIN" />
87-->[:unityLibrary] AndroidManifest.xml:66:17-69
87-->[:unityLibrary] AndroidManifest.xml:66:25-66
88            </intent-filter>
89
90            <meta-data
90-->[:unityLibrary] AndroidManifest.xml:69:13-71:40
91                android:name="unityplayer.UnityActivity"
91-->[:unityLibrary] AndroidManifest.xml:70:17-57
92                android:value="true" />
92-->[:unityLibrary] AndroidManifest.xml:71:17-37
93            <meta-data
93-->[:unityLibrary] AndroidManifest.xml:72:13-74:40
94                android:name="android.app.lib_name"
94-->[:unityLibrary] AndroidManifest.xml:73:17-52
95                android:value="game" />
95-->[:unityLibrary] AndroidManifest.xml:74:17-37
96            <meta-data
96-->[:unityLibrary] AndroidManifest.xml:75:13-77:71
97                android:name="WindowManagerPreference:FreeformWindowSize"
97-->[:unityLibrary] AndroidManifest.xml:76:17-74
98                android:value="@string/FreeformWindowSize_maximize" />
98-->[:unityLibrary] AndroidManifest.xml:77:17-68
99            <meta-data
99-->[:unityLibrary] AndroidManifest.xml:78:13-80:78
100                android:name="WindowManagerPreference:FreeformWindowOrientation"
100-->[:unityLibrary] AndroidManifest.xml:79:17-81
101                android:value="@string/FreeformWindowOrientation_portrait" />
101-->[:unityLibrary] AndroidManifest.xml:80:17-75
102            <meta-data
102-->[:unityLibrary] AndroidManifest.xml:81:13-83:40
103                android:name="notch_support"
103-->[:unityLibrary] AndroidManifest.xml:82:17-45
104                android:value="true" />
104-->[:unityLibrary] AndroidManifest.xml:83:17-37
105
106            <layout
106-->[:unityLibrary] AndroidManifest.xml:85:13-87:45
107                android:minHeight="1920px"
107-->[:unityLibrary] AndroidManifest.xml:86:17-43
108                android:minWidth="1080px" />
108-->[:unityLibrary] AndroidManifest.xml:87:17-42
109        </activity>
110
111        <provider
111-->[androidx.emoji2:emoji2:1.2.0] AndroidManifest.xml:24:9-32:20
112            android:name="androidx.startup.InitializationProvider"
112-->[androidx.emoji2:emoji2:1.2.0] AndroidManifest.xml:25:13-67
113            android:authorities="com.lionsoft.System_Launcher2.androidx-startup"
113-->[androidx.emoji2:emoji2:1.2.0] AndroidManifest.xml:26:13-68
114            android:exported="false" >
114-->[androidx.emoji2:emoji2:1.2.0] AndroidManifest.xml:27:13-37
115            <meta-data
115-->[androidx.emoji2:emoji2:1.2.0] AndroidManifest.xml:29:13-31:52
116                android:name="androidx.emoji2.text.EmojiCompatInitializer"
116-->[androidx.emoji2:emoji2:1.2.0] AndroidManifest.xml:30:17-75
117                android:value="androidx.startup" />
117-->[androidx.emoji2:emoji2:1.2.0] AndroidManifest.xml:31:17-49
118            <meta-data
118-->[androidx.lifecycle:lifecycle-process:2.4.1] AndroidManifest.xml:31:13-33:52
119                android:name="androidx.lifecycle.ProcessLifecycleInitializer"
119-->[androidx.lifecycle:lifecycle-process:2.4.1] AndroidManifest.xml:32:17-78
120                android:value="androidx.startup" />
120-->[androidx.lifecycle:lifecycle-process:2.4.1] AndroidManifest.xml:33:17-49
121        </provider>
122    </application>
123
124</manifest>